{
  "RSpec": {
    "coverage": {
      "/Users/randy_darsh/Turing/3module/projects/squatch_watch/app/helpers/application_helper.rb": [
        1,
        null
      ],
      "/Users/randy_darsh/Turing/3module/projects/squatch_watch/app/models/user.rb": [
        1,
        null,
        1,
        7,
        7,
        null,
        null,
        null,
        null,
        null,
        null,
        null,
        null,
        null,
        7,
        7,
        null,
        null
      ],
      "/Users/randy_darsh/Turing/3module/projects/squatch_watch/app/models/application_record.rb": [
        1,
        1,
        null
      ],
      "/Users/randy_darsh/Turing/3module/projects/squatch_watch/app/models/big_foot_report.rb": [
        1,
        null,
        1,
        51,
        null,
        null,
        1,
        6,
        null,
        null,
        1,
        2,
        null,
        null,
        1,
        2,
        null,
        null,
        1,
        1,
        null,
        null,
        1,
        2,
        null,
        null,
        1,
        2,
        null,
        null,
        1,
        2,
        null,
        null
      ],
      "/Users/randy_darsh/Turing/3module/projects/squatch_watch/app/controllers/welcome_controller.rb": [
        1,
        1,
        null
      ],
      "/Users/randy_darsh/Turing/3module/projects/squatch_watch/app/controllers/application_controller.rb": [
        1,
        1,
        null,
        1,
        null,
        1,
        55,
        null,
        null
      ],
      "/Users/randy_darsh/Turing/3module/projects/squatch_watch/app/controllers/sessions_controller.rb": [
        1,
        1,
        6,
        6,
        6,
        null,
        null,
        1,
        1,
        1,
        null,
        null
      ],
      "/Users/randy_darsh/Turing/3module/projects/squatch_watch/app/controllers/big_foot_reports_controller.rb": [
        1,
        null,
        1,
        2,
        1,
        null,
        1,
        1,
        null,
        null,
        null,
        1,
        2,
        2,
        null,
        0,
        0,
        null,
        null,
        null,
        1,
        1,
        1,
        null,
        0,
        0,
        null,
        null,
        null,
        1,
        1,
        1,
        1,
        1,
        1,
        1,
        null,
        null,
        1,
        null,
        1,
        1,
        null,
        null,
        null
      ],
      "/Users/randy_darsh/Turing/3module/projects/squatch_watch/app/controllers/search_controller.rb": [
        1,
        1,
        1,
        1,
        1,
        1,
        1,
        1,
        null,
        0,
        0,
        null,
        null,
        null
      ],
      "/Users/randy_darsh/Turing/3module/projects/squatch_watch/app/controllers/about_controller.rb": [
        1,
        1,
        null
      ],
      "/Users/randy_darsh/Turing/3module/projects/squatch_watch/app/controllers/squatch_map_controller.rb": [
        1,
        1,
        1,
        null,
        null
      ]
    },
    "timestamp": 1515689173
  }
}
